2024-06-15T14:39:43.321Z [error] 'pechka' connection lost!
2024-06-15T14:39:43.325Z [error] 'pechka' connection lost!
2024-06-15T14:39:43.336Z [error] 'pechka' createSession failure! Error: ClientTCP_transport11: socket has been disconnected by third party
2024-06-15T14:39:43.337Z [error] 'pechka' try to connect error! Error: ClientTCP_transport11: socket has been disconnected by third party
2024-06-15T14:39:43.347Z [error] 'pechka' connect error! undefined (0)
2024-06-15T14:39:48.279Z [error] 'pechka' connection lost!
2024-06-15T14:39:48.285Z [error] 'pechka' connection lost!
2024-06-15T14:39:48.287Z [error] 'pechka' connection lost!
2024-06-15T14:39:48.293Z [error] 'pechka' createSession failure! Error: ClientTCP_transport12: socket has been disconnected by third party
2024-06-15T14:39:48.294Z [error] 'pechka' try to connect error! Error: ClientTCP_transport12: socket has been disconnected by third party
2024-06-15T14:39:48.302Z [error] 'pechka' connect error! undefined (1)
2024-06-15T14:39:53.286Z [error] 'pechka' connection lost!
2024-06-15T14:39:53.289Z [error] 'pechka' connection lost!
2024-06-15T14:39:53.291Z [error] 'pechka' connection lost!
2024-06-15T14:39:53.296Z [error] 'pechka' connection lost!
2024-06-15T14:39:53.300Z [error] 'pechka' createSession failure! Error: ClientTCP_transport13: socket has been disconnected by third party
2024-06-15T14:39:53.301Z [error] 'pechka' try to connect error! Error: ClientTCP_transport13: socket has been disconnected by third party
2024-06-15T14:39:53.310Z [error] 'pechka' connect error! undefined (2)
2024-06-15T14:39:58.289Z [error] 'pechka' connection lost!
2024-06-15T14:39:58.292Z [error] 'pechka' connection lost!
2024-06-15T14:39:58.296Z [error] 'pechka' connection lost!
2024-06-15T14:39:58.298Z [error] 'pechka' connection lost!
2024-06-15T14:39:58.300Z [error] 'pechka' connection lost!
2024-06-15T14:39:58.307Z [error] 'pechka' createSession failure! Error: ClientTCP_transport14: socket has been disconnected by third party
2024-06-15T14:39:58.308Z [error] 'pechka' try to connect error! Error: ClientTCP_transport14: socket has been disconnected by third party
2024-06-15T14:39:58.324Z [error] 'pechka' connect error! undefined (3)
2024-06-15T14:40:03.305Z [error] 'pechka' connection lost!
2024-06-15T14:40:03.311Z [error] 'pechka' connection lost!
2024-06-15T14:40:03.314Z [error] 'pechka' connection lost!
2024-06-15T14:40:03.316Z [error] 'pechka' connection lost!
2024-06-15T14:40:03.319Z [error] 'pechka' connection lost!
2024-06-15T14:40:03.321Z [error] 'pechka' connection lost!
2024-06-15T14:40:03.326Z [error] 'pechka' createSession failure! Error: ClientTCP_transport15: socket has been disconnected by third party
2024-06-15T14:40:03.326Z [error] 'pechka' try to connect error! Error: ClientTCP_transport15: socket has been disconnected by third party
2024-06-15T14:40:03.339Z [error] 'pechka' connect error! undefined (4)
2024-06-15T14:40:08.309Z [error] 'pechka' connection lost!
2024-06-15T14:40:08.314Z [error] 'pechka' connection lost!
2024-06-15T14:40:08.316Z [error] 'pechka' connection lost!
2024-06-15T14:40:08.319Z [error] 'pechka' connection lost!
2024-06-15T14:40:08.322Z [error] 'pechka' connection lost!
2024-06-15T14:40:08.324Z [error] 'pechka' connection lost!
2024-06-15T14:40:08.329Z [error] 'pechka' connection lost!
2024-06-15T14:40:08.334Z [error] 'pechka' createSession failure! Error: ClientTCP_transport16: socket has been disconnected by third party
2024-06-15T14:40:08.335Z [error] 'pechka' try to connect error! Error: ClientTCP_transport16: socket has been disconnected by third party
2024-06-15T14:40:08.347Z [error] 'pechka' connect error! undefined (0)
2024-06-15T14:40:13.312Z [error] 'pechka' connection lost!
2024-06-15T14:40:13.316Z [error] 'pechka' connection lost!
2024-06-15T14:40:13.319Z [error] 'pechka' connection lost!
2024-06-15T14:40:13.321Z [error] 'pechka' connection lost!
2024-06-15T14:40:13.323Z [error] 'pechka' connection lost!
2024-06-15T14:40:13.327Z [error] 'pechka' connection lost!
2024-06-15T14:40:13.335Z [error] 'pechka' connection lost!
2024-06-15T14:40:13.344Z [error] 'pechka' connection lost!
2024-06-15T14:40:13.369Z [error] 'pechka' createSession failure! Error: ClientTCP_transport17: socket has been disconnected by third party
2024-06-15T14:40:13.370Z [error] 'pechka' try to connect error! Error: ClientTCP_transport17: socket has been disconnected by third party
2024-06-15T14:40:13.412Z [error] 'pechka' connect error! undefined (1)
2024-06-15T14:40:18.319Z [error] 'pechka' connection lost!
2024-06-15T14:40:18.322Z [error] 'pechka' connection lost!
2024-06-15T14:40:18.326Z [error] 'pechka' connection lost!
2024-06-15T14:40:18.329Z [error] 'pechka' connection lost!
2024-06-15T14:40:18.334Z [error] 'pechka' connection lost!
2024-06-15T14:40:18.339Z [error] 'pechka' connection lost!
2024-06-15T14:40:18.341Z [error] 'pechka' connection lost!
2024-06-15T14:40:18.344Z [error] 'pechka' connection lost!
2024-06-15T14:40:18.349Z [error] 'pechka' connection lost!
2024-06-15T14:40:18.354Z [error] 'pechka' createSession failure! Error: ClientTCP_transport18: socket has been disconnected by third party
2024-06-15T14:40:18.355Z [error] 'pechka' try to connect error! Error: ClientTCP_transport18: socket has been disconnected by third party
2024-06-15T14:40:18.372Z [error] 'pechka' connect error! undefined (2)
2024-06-15T14:40:23.322Z [error] 'pechka' connection lost!
2024-06-15T14:40:23.326Z [error] 'pechka' connection lost!
2024-06-15T14:40:23.330Z [error] 'pechka' connection lost!
2024-06-15T14:40:23.334Z [error] 'pechka' connection lost!
2024-06-15T14:40:23.337Z [error] 'pechka' connection lost!
2024-06-15T14:40:23.345Z [error] 'pechka' connection lost!
2024-06-15T14:40:23.351Z [error] 'pechka' connection lost!
2024-06-15T14:40:23.355Z [error] 'pechka' connection lost!
2024-06-15T14:40:23.361Z [error] 'pechka' connection lost!
2024-06-15T14:40:23.365Z [error] 'pechka' connection lost!
2024-06-15T14:40:23.373Z [error] 'pechka' createSession failure! Error: ClientTCP_transport19: socket has been disconnected by third party
2024-06-15T14:40:23.375Z [error] 'pechka' try to connect error! Error: ClientTCP_transport19: socket has been disconnected by third party
2024-06-15T14:40:23.404Z [error] 'pechka' connect error! undefined (3)
2024-06-15T14:40:28.588Z [error] 'pechka' connection lost!
2024-06-15T14:40:28.590Z [error] 'pechka' connection lost!
2024-06-15T14:40:28.593Z [error] 'pechka' connection lost!
2024-06-15T14:40:28.596Z [error] 'pechka' connection lost!
2024-06-15T14:40:28.599Z [error] 'pechka' connection lost!
2024-06-15T14:40:28.602Z [error] 'pechka' connection lost!
2024-06-15T14:40:28.604Z [error] 'pechka' connection lost!
2024-06-15T14:40:28.607Z [error] 'pechka' connection lost!
2024-06-15T14:40:28.610Z [error] 'pechka' connection lost!
2024-06-15T14:40:28.612Z [error] 'pechka' connection lost!
2024-06-15T14:40:28.614Z [error] 'pechka' connection lost!
2024-06-15T14:40:28.619Z [error] 'pechka' createSession failure! Error: ClientTCP_transport20: socket has been disconnected by third party
2024-06-15T14:40:28.621Z [error] 'pechka' try to connect error! Error: ClientTCP_transport20: socket has been disconnected by third party
2024-06-15T14:40:28.635Z [error] 'pechka' connect error! undefined (4)
2024-06-15T14:40:33.347Z [error] 'pechka' connection lost!
2024-06-15T14:40:33.349Z [error] 'pechka' connection lost!
2024-06-15T14:40:33.353Z [error] 'pechka' connection lost!
2024-06-15T14:40:33.356Z [error] 'pechka' connection lost!
2024-06-15T14:40:33.360Z [error] 'pechka' connection lost!
2024-06-15T14:40:33.363Z [error] 'pechka' connection lost!
2024-06-15T14:40:33.365Z [error] 'pechka' connection lost!
2024-06-15T14:40:33.370Z [error] 'pechka' connection lost!
2024-06-15T14:40:33.374Z [error] 'pechka' connection lost!
2024-06-15T14:40:33.377Z [error] 'pechka' connection lost!
2024-06-15T14:40:33.379Z [error] 'pechka' connection lost!
2024-06-15T14:40:33.382Z [error] 'pechka' connection lost!
2024-06-15T14:40:33.385Z [error] 'pechka' createSession failure! Error: ClientTCP_transport21: socket has been disconnected by third party
2024-06-15T14:40:33.386Z [error] 'pechka' try to connect error! Error: ClientTCP_transport21: socket has been disconnected by third party
2024-06-15T14:40:33.404Z [error] 'pechka' connect error! undefined (0)
2024-06-15T14:40:38.354Z [error] 'pechka' connection lost!
2024-06-15T14:40:38.358Z [error] 'pechka' connection lost!
2024-06-15T14:40:38.360Z [error] 'pechka' connection lost!
2024-06-15T14:40:38.362Z [error] 'pechka' connection lost!
2024-06-15T14:40:38.365Z [error] 'pechka' connection lost!
2024-06-15T14:40:38.368Z [error] 'pechka' connection lost!
2024-06-15T14:40:38.370Z [error] 'pechka' connection lost!
2024-06-15T14:40:38.372Z [error] 'pechka' connection lost!
2024-06-15T14:40:38.374Z [error] 'pechka' connection lost!
2024-06-15T14:40:38.378Z [error] 'pechka' connection lost!
2024-06-15T14:40:38.381Z [error] 'pechka' connection lost!
2024-06-15T14:40:38.385Z [error] 'pechka' connection lost!
2024-06-15T14:40:38.388Z [error] 'pechka' connection lost!
2024-06-15T14:40:38.391Z [error] 'pechka' createSession failure! Error: ClientTCP_transport22: socket has been disconnected by third party
2024-06-15T14:40:38.392Z [error] 'pechka' try to connect error! Error: ClientTCP_transport22: socket has been disconnected by third party
2024-06-15T14:40:38.407Z [error] 'pechka' connect error! undefined (1)
2024-06-15T14:40:43.363Z [error] 'pechka' connection lost!
2024-06-15T14:40:43.367Z [error] 'pechka' connection lost!
2024-06-15T14:40:43.371Z [error] 'pechka' connection lost!
2024-06-15T14:40:43.375Z [error] 'pechka' connection lost!
2024-06-15T14:40:43.378Z [error] 'pechka' connection lost!
2024-06-15T14:40:43.384Z [error] 'pechka' connection lost!
2024-06-15T14:40:43.386Z [error] 'pechka' connection lost!
2024-06-15T14:40:43.390Z [error] 'pechka' connection lost!
2024-06-15T14:40:43.392Z [error] 'pechka' connection lost!
2024-06-15T14:40:43.395Z [error] 'pechka' connection lost!
2024-06-15T14:40:43.397Z [error] 'pechka' connection lost!
2024-06-15T14:40:43.399Z [error] 'pechka' connection lost!
2024-06-15T14:40:43.403Z [error] 'pechka' connection lost!
2024-06-15T14:40:43.405Z [error] 'pechka' connection lost!
2024-06-15T14:40:43.409Z [error] 'pechka' createSession failure! Error: ClientTCP_transport23: socket has been disconnected by third party
2024-06-15T14:40:43.410Z [error] 'pechka' try to connect error! Error: ClientTCP_transport23: socket has been disconnected by third party
2024-06-15T14:40:43.431Z [error] 'pechka' connect error! undefined (2)
2024-06-15T14:40:48.369Z [error] 'pechka' connection lost!
2024-06-15T14:40:48.374Z [error] 'pechka' connection lost!
2024-06-15T14:40:48.377Z [error] 'pechka' connection lost!
2024-06-15T14:40:48.380Z [error] 'pechka' connection lost!
2024-06-15T14:40:48.382Z [error] 'pechka' connection lost!
2024-06-15T14:40:48.383Z [error] 'pechka' connection lost!
2024-06-15T14:40:48.387Z [error] 'pechka' connection lost!
2024-06-15T14:40:48.390Z [error] 'pechka' connection lost!
2024-06-15T14:40:48.392Z [error] 'pechka' connection lost!
2024-06-15T14:40:48.396Z [error] 'pechka' connection lost!
2024-06-15T14:40:48.398Z [error] 'pechka' connection lost!
2024-06-15T14:40:48.400Z [error] 'pechka' connection lost!
2024-06-15T14:40:48.402Z [error] 'pechka' connection lost!
2024-06-15T14:40:48.404Z [error] 'pechka' connection lost!
2024-06-15T14:40:48.406Z [error] 'pechka' connection lost!
2024-06-15T14:40:48.410Z [error] 'pechka' createSession failure! Error: ClientTCP_transport24: socket has been disconnected by third party
2024-06-15T14:40:48.411Z [error] 'pechka' try to connect error! Error: ClientTCP_transport24: socket has been disconnected by third party
2024-06-15T14:40:48.424Z [error] 'pechka' connect error! undefined (3)
2024-06-15T14:40:53.374Z [error] 'pechka' connection lost!
2024-06-15T14:40:53.378Z [error] 'pechka' connection lost!
2024-06-15T14:40:53.382Z [error] 'pechka' connection lost!
2024-06-15T14:40:53.385Z [error] 'pechka' connection lost!
2024-06-15T14:40:53.389Z [error] 'pechka' connection lost!
2024-06-15T14:40:53.392Z [error] 'pechka' connection lost!
2024-06-15T14:40:53.394Z [error] 'pechka' connection lost!
2024-06-15T14:40:53.399Z [error] 'pechka' connection lost!
2024-06-15T14:40:53.401Z [error] 'pechka' connection lost!
2024-06-15T14:40:53.405Z [error] 'pechka' connection lost!
2024-06-15T14:40:53.409Z [error] 'pechka' connection lost!
2024-06-15T14:40:53.411Z [error] 'pechka' connection lost!
2024-06-15T14:40:53.414Z [error] 'pechka' connection lost!
2024-06-15T14:40:53.417Z [error] 'pechka' connection lost!
2024-06-15T14:40:53.420Z [error] 'pechka' connection lost!
2024-06-15T14:40:53.425Z [error] 'pechka' connection lost!
2024-06-15T14:40:53.428Z [error] 'pechka' createSession failure! Error: ClientTCP_transport25: socket has been disconnected by third party
2024-06-15T14:40:53.428Z [error] 'pechka' try to connect error! Error: ClientTCP_transport25: socket has been disconnected by third party
2024-06-15T14:40:53.447Z [error] 'pechka' connect error! undefined (4)
2024-06-15T14:40:58.385Z [error] 'pechka' connection lost!
2024-06-15T14:40:58.389Z [error] 'pechka' connection lost!
2024-06-15T14:40:58.392Z [error] 'pechka' connection lost!
2024-06-15T14:40:58.394Z [error] 'pechka' connection lost!
2024-06-15T14:40:58.398Z [error] 'pechka' connection lost!
2024-06-15T14:40:58.401Z [error] 'pechka' connection lost!
2024-06-15T14:40:58.403Z [error] 'pechka' connection lost!
2024-06-15T14:40:58.407Z [error] 'pechka' connection lost!
2024-06-15T14:40:58.409Z [error] 'pechka' connection lost!
2024-06-15T14:40:58.411Z [error] 'pechka' connection lost!
2024-06-15T14:40:58.414Z [error] 'pechka' connection lost!
2024-06-15T14:40:58.417Z [error] 'pechka' connection lost!
2024-06-15T14:40:58.419Z [error] 'pechka' connection lost!
2024-06-15T14:40:58.423Z [error] 'pechka' connection lost!
2024-06-15T14:40:58.425Z [error] 'pechka' connection lost!
2024-06-15T14:40:58.427Z [error] 'pechka' connection lost!
2024-06-15T14:40:58.430Z [error] 'pechka' connection lost!
2024-06-15T14:40:58.435Z [error] 'pechka' createSession failure! Error: ClientTCP_transport26: socket has been disconnected by third party
2024-06-15T14:40:58.436Z [error] 'pechka' try to connect error! Error: ClientTCP_transport26: socket has been disconnected by third party
2024-06-15T14:40:58.453Z [error] 'pechka' connect error! undefined (0)
2024-06-15T14:41:03.386Z [error] 'pechka' connection lost!
2024-06-15T14:41:03.389Z [error] 'pechka' connection lost!
2024-06-15T14:41:03.391Z [error] 'pechka' connection lost!
2024-06-15T14:41:03.393Z [error] 'pechka' connection lost!
2024-06-15T14:41:03.395Z [error] 'pechka' connection lost!
2024-06-15T14:41:03.400Z [error] 'pechka' connection lost!
2024-06-15T14:41:03.403Z [error] 'pechka' connection lost!
2024-06-15T14:41:03.405Z [error] 'pechka' connection lost!
2024-06-15T14:41:03.409Z [error] 'pechka' connection lost!
2024-06-15T14:41:03.411Z [error] 'pechka' connection lost!
2024-06-15T14:41:03.413Z [error] 'pechka' connection lost!
2024-06-15T14:41:03.415Z [error] 'pechka' connection lost!
2024-06-15T14:41:03.418Z [error] 'pechka' connection lost!
2024-06-15T14:41:03.420Z [error] 'pechka' connection lost!
2024-06-15T14:41:03.422Z [error] 'pechka' connection lost!
2024-06-15T14:41:03.425Z [error] 'pechka' connection lost!
2024-06-15T14:41:03.427Z [error] 'pechka' connection lost!
2024-06-15T14:41:03.429Z [error] 'pechka' connection lost!
2024-06-15T14:41:03.433Z [error] 'pechka' createSession failure! Error: ClientTCP_transport27: socket has been disconnected by third party
2024-06-15T14:41:03.434Z [error] 'pechka' try to connect error! Error: ClientTCP_transport27: socket has been disconnected by third party
2024-06-15T14:41:03.453Z [error] 'pechka' connect error! undefined (1)
2024-06-15T14:41:08.385Z [error] 'pechka' connection lost!
2024-06-15T14:41:08.388Z [error] 'pechka' connection lost!
2024-06-15T14:41:08.391Z [error] 'pechka' connection lost!
2024-06-15T14:41:08.394Z [error] 'pechka' connection lost!
2024-06-15T14:41:08.398Z [error] 'pechka' connection lost!
2024-06-15T14:41:08.400Z [error] 'pechka' connection lost!
2024-06-15T14:41:08.403Z [error] 'pechka' connection lost!
2024-06-15T14:41:08.406Z [error] 'pechka' connection lost!
2024-06-15T14:41:08.411Z [error] 'pechka' connection lost!
2024-06-15T14:41:08.414Z [error] 'pechka' connection lost!
2024-06-15T14:41:08.416Z [error] 'pechka' connection lost!
2024-06-15T14:41:08.419Z [error] 'pechka' connection lost!
2024-06-15T14:41:08.422Z [error] 'pechka' connection lost!
2024-06-15T14:41:08.423Z [error] 'pechka' connection lost!
2024-06-15T14:41:08.425Z [error] 'pechka' connection lost!
2024-06-15T14:41:08.427Z [error] 'pechka' connection lost!
2024-06-15T14:41:08.429Z [error] 'pechka' connection lost!
2024-06-15T14:41:08.434Z [error] 'pechka' connection lost!
2024-06-15T14:41:08.436Z [error] 'pechka' connection lost!
2024-06-15T14:41:08.440Z [error] 'pechka' createSession failure! Error: ClientTCP_transport28: socket has been disconnected by third party
2024-06-15T14:41:08.441Z [error] 'pechka' try to connect error! Error: ClientTCP_transport28: socket has been disconnected by third party
2024-06-15T14:41:08.461Z [error] 'pechka' connect error! undefined (2)
2024-06-15T14:41:13.405Z [error] 'pechka' connection lost!
2024-06-15T14:41:13.408Z [error] 'pechka' connection lost!
2024-06-15T14:41:13.410Z [error] 'pechka' connection lost!
2024-06-15T14:41:13.412Z [error] 'pechka' connection lost!
2024-06-15T14:41:13.415Z [error] 'pechka' connection lost!
2024-06-15T14:41:13.417Z [error] 'pechka' connection lost!
2024-06-15T14:41:13.420Z [error] 'pechka' connection lost!
2024-06-15T14:41:13.422Z [error] 'pechka' connection lost!
2024-06-15T14:41:13.424Z [error] 'pechka' connection lost!
2024-06-15T14:41:13.425Z [error] 'pechka' connection lost!
2024-06-15T14:41:13.427Z [error] 'pechka' connection lost!
2024-06-15T14:41:13.429Z [error] 'pechka' connection lost!
2024-06-15T14:41:13.431Z [error] 'pechka' connection lost!
2024-06-15T14:41:13.432Z [error] 'pechka' connection lost!
2024-06-15T14:41:13.434Z [error] 'pechka' connection lost!
2024-06-15T14:41:13.437Z [error] 'pechka' connection lost!
2024-06-15T14:41:13.439Z [error] 'pechka' connection lost!
2024-06-15T14:41:13.441Z [error] 'pechka' connection lost!
2024-06-15T14:41:13.444Z [error] 'pechka' connection lost!
2024-06-15T14:41:13.446Z [error] 'pechka' connection lost!
2024-06-15T14:41:13.449Z [error] 'pechka' createSession failure! Error: ClientTCP_transport29: socket has been disconnected by third party
2024-06-15T14:41:13.450Z [error] 'pechka' try to connect error! Error: ClientTCP_transport29: socket has been disconnected by third party
2024-06-15T14:41:13.470Z [error] 'pechka' connect error! undefined (3)
2024-06-15T14:41:18.401Z [error] 'pechka' connection lost!
2024-06-15T14:41:18.403Z [error] 'pechka' connection lost!
2024-06-15T14:41:18.406Z [error] 'pechka' connection lost!
2024-06-15T14:41:18.407Z [error] 'pechka' connection lost!
2024-06-15T14:41:18.409Z [error] 'pechka' connection lost!
2024-06-15T14:41:18.411Z [error] 'pechka' connection lost!
2024-06-15T14:41:18.414Z [error] 'pechka' connection lost!
2024-06-15T14:41:18.416Z [error] 'pechka' connection lost!
2024-06-15T14:41:18.418Z [error] 'pechka' connection lost!
2024-06-15T14:41:18.419Z [error] 'pechka' connection lost!
2024-06-15T14:41:18.421Z [error] 'pechka' connection lost!
2024-06-15T14:41:18.423Z [error] 'pechka' connection lost!
2024-06-15T14:41:18.424Z [error] 'pechka' connection lost!
2024-06-15T14:41:18.426Z [error] 'pechka' connection lost!
2024-06-15T14:41:18.428Z [error] 'pechka' connection lost!
2024-06-15T14:41:18.430Z [error] 'pechka' connection lost!
2024-06-15T14:41:18.432Z [error] 'pechka' connection lost!
2024-06-15T14:41:18.434Z [error] 'pechka' connection lost!
2024-06-15T14:41:18.438Z [error] 'pechka' connection lost!
2024-06-15T14:41:18.441Z [error] 'pechka' connection lost!
2024-06-15T14:41:18.442Z [error] 'pechka' connection lost!
2024-06-15T14:41:18.446Z [error] 'pechka' createSession failure! Error: ClientTCP_transport30: socket has been disconnected by third party
2024-06-15T14:41:18.447Z [error] 'pechka' try to connect error! Error: ClientTCP_transport30: socket has been disconnected by third party
2024-06-15T14:41:18.465Z [error] 'pechka' connect error! undefined (4)
2024-06-15T14:41:23.414Z [error] 'pechka' connection lost!
2024-06-15T14:41:23.417Z [error] 'pechka' connection lost!
2024-06-15T14:41:23.420Z [error] 'pechka' connection lost!
2024-06-15T14:41:23.423Z [error] 'pechka' connection lost!
2024-06-15T14:41:23.427Z [error] 'pechka' connection lost!
2024-06-15T14:41:23.430Z [error] 'pechka' connection lost!
2024-06-15T14:41:23.434Z [error] 'pechka' connection lost!
2024-06-15T14:41:23.436Z [error] 'pechka' connection lost!
2024-06-15T14:41:23.439Z [error] 'pechka' connection lost!
2024-06-15T14:41:23.442Z [error] 'pechka' connection lost!
2024-06-15T14:41:23.445Z [error] 'pechka' connection lost!
2024-06-15T14:41:23.447Z [error] 'pechka' connection lost!
2024-06-15T14:41:23.449Z [error] 'pechka' connection lost!
2024-06-15T14:41:23.451Z [error] 'pechka' connection lost!
2024-06-15T14:41:23.453Z [error] 'pechka' connection lost!
2024-06-15T14:41:23.454Z [error] 'pechka' connection lost!
2024-06-15T14:41:23.457Z [error] 'pechka' connection lost!
2024-06-15T14:41:23.459Z [error] 'pechka' connection lost!
2024-06-15T14:41:23.461Z [error] 'pechka' connection lost!
2024-06-15T14:41:23.463Z [error] 'pechka' connection lost!
2024-06-15T14:41:23.465Z [error] 'pechka' connection lost!
2024-06-15T14:41:23.467Z [error] 'pechka' connection lost!
2024-06-15T14:41:23.470Z [error] 'pechka' createSession failure! Error: ClientTCP_transport31: socket has been disconnected by third party
2024-06-15T14:41:23.471Z [error] 'pechka' try to connect error! Error: ClientTCP_transport31: socket has been disconnected by third party
2024-06-15T14:41:23.535Z [error] 'pechka' connect error! undefined (0)
2024-06-15T14:41:28.427Z [error] 'pechka' connection lost!
2024-06-15T14:41:28.432Z [error] 'pechka' connection lost!
2024-06-15T14:41:28.434Z [error] 'pechka' connection lost!
2024-06-15T14:41:28.437Z [error] 'pechka' connection lost!
2024-06-15T14:41:28.439Z [error] 'pechka' connection lost!
2024-06-15T14:41:28.442Z [error] 'pechka' connection lost!
2024-06-15T14:41:28.445Z [error] 'pechka' connection lost!
2024-06-15T14:41:28.447Z [error] 'pechka' connection lost!
2024-06-15T14:41:28.449Z [error] 'pechka' connection lost!
2024-06-15T14:41:28.454Z [error] 'pechka' connection lost!
2024-06-15T14:41:28.457Z [error] 'pechka' connection lost!
2024-06-15T14:41:28.459Z [error] 'pechka' connection lost!
2024-06-15T14:41:28.461Z [error] 'pechka' connection lost!
2024-06-15T14:41:28.463Z [error] 'pechka' connection lost!
2024-06-15T14:41:28.464Z [error] 'pechka' connection lost!
2024-06-15T14:41:28.466Z [error] 'pechka' connection lost!
2024-06-15T14:41:28.469Z [error] 'pechka' connection lost!
2024-06-15T14:41:28.471Z [error] 'pechka' connection lost!
2024-06-15T14:41:28.473Z [error] 'pechka' connection lost!
2024-06-15T14:41:28.474Z [error] 'pechka' connection lost!
2024-06-15T14:41:28.476Z [error] 'pechka' connection lost!
2024-06-15T14:41:28.478Z [error] 'pechka' connection lost!
2024-06-15T14:41:28.479Z [error] 'pechka' connection lost!
2024-06-15T14:41:28.483Z [error] 'pechka' createSession failure! Error: ClientTCP_transport32: socket has been disconnected by third party
2024-06-15T14:41:28.483Z [error] 'pechka' try to connect error! Error: ClientTCP_transport32: socket has been disconnected by third party
2024-06-15T14:41:28.500Z [error] 'pechka' connect error! undefined (1)
2024-06-15T14:41:33.429Z [error] 'pechka' connection lost!
2024-06-15T14:41:33.433Z [error] 'pechka' connection lost!
2024-06-15T14:41:33.437Z [error] 'pechka' connection lost!
2024-06-15T14:41:33.439Z [error] 'pechka' connection lost!
2024-06-15T14:41:33.442Z [error] 'pechka' connection lost!
2024-06-15T14:41:33.446Z [error] 'pechka' connection lost!
2024-06-15T14:41:33.449Z [error] 'pechka' connection lost!
2024-06-15T14:41:33.451Z [error] 'pechka' connection lost!
2024-06-15T14:41:33.454Z [error] 'pechka' connection lost!
2024-06-15T14:41:33.456Z [error] 'pechka' connection lost!
2024-06-15T14:41:33.458Z [error] 'pechka' connection lost!
2024-06-15T14:41:33.460Z [error] 'pechka' connection lost!
2024-06-15T14:41:33.463Z [error] 'pechka' connection lost!
2024-06-15T14:41:33.465Z [error] 'pechka' connection lost!
2024-06-15T14:41:33.467Z [error] 'pechka' connection lost!
2024-06-15T14:41:33.469Z [error] 'pechka' connection lost!
2024-06-15T14:41:33.473Z [error] 'pechka' connection lost!
2024-06-15T14:41:33.475Z [error] 'pechka' connection lost!
2024-06-15T14:41:33.477Z [error] 'pechka' connection lost!
2024-06-15T14:41:33.480Z [error] 'pechka' connection lost!
2024-06-15T14:41:33.483Z [error] 'pechka' connection lost!
2024-06-15T14:41:33.485Z [error] 'pechka' connection lost!
2024-06-15T14:41:33.487Z [error] 'pechka' connection lost!
2024-06-15T14:41:33.489Z [error] 'pechka' connection lost!
2024-06-15T14:41:33.492Z [error] 'pechka' createSession failure! Error: ClientTCP_transport33: socket has been disconnected by third party
2024-06-15T14:41:33.493Z [error] 'pechka' try to connect error! Error: ClientTCP_transport33: socket has been disconnected by third party
2024-06-15T14:41:33.515Z [error] 'pechka' connect error! undefined (2)
2024-06-15T14:41:38.438Z [error] 'pechka' connection lost!
2024-06-15T14:41:38.441Z [error] 'pechka' connection lost!
2024-06-15T14:41:38.443Z [error] 'pechka' connection lost!
2024-06-15T14:41:38.445Z [error] 'pechka' connection lost!
2024-06-15T14:41:38.447Z [error] 'pechka' connection lost!
2024-06-15T14:41:38.450Z [error] 'pechka' connection lost!
2024-06-15T14:41:38.453Z [error] 'pechka' connection lost!
2024-06-15T14:41:38.455Z [error] 'pechka' connection lost!
2024-06-15T14:41:38.457Z [error] 'pechka' connection lost!
2024-06-15T14:41:38.460Z [error] 'pechka' connection lost!
2024-06-15T14:41:38.462Z [error] 'pechka' connection lost!
2024-06-15T14:41:38.464Z [error] 'pechka' connection lost!
2024-06-15T14:41:38.466Z [error] 'pechka' connection lost!
2024-06-15T14:41:38.468Z [error] 'pechka' connection lost!
2024-06-15T14:41:38.470Z [error] 'pechka' connection lost!
2024-06-15T14:41:38.472Z [error] 'pechka' connection lost!
2024-06-15T14:41:38.474Z [error] 'pechka' connection lost!
2024-06-15T14:41:38.476Z [error] 'pechka' connection lost!
2024-06-15T14:41:38.478Z [error] 'pechka' connection lost!
2024-06-15T14:41:38.481Z [error] 'pechka' connection lost!
2024-06-15T14:41:38.483Z [error] 'pechka' connection lost!
2024-06-15T14:41:38.485Z [error] 'pechka' connection lost!
2024-06-15T14:41:38.486Z [error] 'pechka' connection lost!
2024-06-15T14:41:38.488Z [error] 'pechka' connection lost!
2024-06-15T14:41:38.489Z [error] 'pechka' connection lost!
2024-06-15T14:41:38.493Z [error] 'pechka' createSession failure! Error: ClientTCP_transport34: socket has been disconnected by third party
2024-06-15T14:41:38.494Z [error] 'pechka' try to connect error! Error: ClientTCP_transport34: socket has been disconnected by third party
2024-06-15T14:41:38.517Z [error] 'pechka' connect error! undefined (3)
2024-06-15T14:41:43.448Z [error] 'pechka' connection lost!
2024-06-15T14:41:43.451Z [error] 'pechka' connection lost!
2024-06-15T14:41:43.454Z [error] 'pechka' connection lost!
2024-06-15T14:41:43.456Z [error] 'pechka' connection lost!
2024-06-15T14:41:43.459Z [error] 'pechka' connection lost!
2024-06-15T14:41:43.461Z [error] 'pechka' connection lost!
2024-06-15T14:41:43.463Z [error] 'pechka' connection lost!
2024-06-15T14:41:43.464Z [error] 'pechka' connection lost!
2024-06-15T14:41:43.466Z [error] 'pechka' connection lost!
2024-06-15T14:41:43.468Z [error] 'pechka' connection lost!
2024-06-15T14:41:43.470Z [error] 'pechka' connection lost!
2024-06-15T14:41:43.473Z [error] 'pechka' connection lost!
2024-06-15T14:41:43.475Z [error] 'pechka' connection lost!
2024-06-15T14:41:43.477Z [error] 'pechka' connection lost!
2024-06-15T14:41:43.479Z [error] 'pechka' connection lost!
2024-06-15T14:41:43.481Z [error] 'pechka' connection lost!
2024-06-15T14:41:43.483Z [error] 'pechka' connection lost!
2024-06-15T14:41:43.484Z [error] 'pechka' connection lost!
2024-06-15T14:41:43.486Z [error] 'pechka' connection lost!
2024-06-15T14:41:43.487Z [error] 'pechka' connection lost!
2024-06-15T14:41:43.489Z [error] 'pechka' connection lost!
2024-06-15T14:41:43.491Z [error] 'pechka' connection lost!
2024-06-15T14:41:43.492Z [error] 'pechka' connection lost!
2024-06-15T14:41:43.494Z [error] 'pechka' connection lost!
2024-06-15T14:41:43.495Z [error] 'pechka' connection lost!
2024-06-15T14:41:43.497Z [error] 'pechka' connection lost!
2024-06-15T14:41:43.500Z [error] 'pechka' createSession failure! Error: ClientTCP_transport35: socket has been disconnected by third party
2024-06-15T14:41:43.500Z [error] 'pechka' try to connect error! Error: ClientTCP_transport35: socket has been disconnected by third party
2024-06-15T14:41:43.524Z [error] 'pechka' connect error! undefined (4)
2024-06-15T14:41:48.465Z [error] 'pechka' connection lost!
2024-06-15T14:41:48.468Z [error] 'pechka' connection lost!
2024-06-15T14:41:48.471Z [error] 'pechka' connection lost!
2024-06-15T14:41:48.475Z [error] 'pechka' connection lost!
2024-06-15T14:41:48.478Z [error] 'pechka' connection lost!
2024-06-15T14:41:48.480Z [error] 'pechka' connection lost!
2024-06-15T14:41:48.482Z [error] 'pechka' connection lost!
2024-06-15T14:41:48.484Z [error] 'pechka' connection lost!
2024-06-15T14:41:48.487Z [error] 'pechka' connection lost!
2024-06-15T14:41:48.489Z [error] 'pechka' connection lost!
2024-06-15T14:41:48.490Z [error] 'pechka' connection lost!
2024-06-15T14:41:48.492Z [error] 'pechka' connection lost!
2024-06-15T14:41:48.494Z [error] 'pechka' connection lost!
2024-06-15T14:41:48.496Z [error] 'pechka' connection lost!
2024-06-15T14:41:48.498Z [error] 'pechka' connection lost!
2024-06-15T14:41:48.500Z [error] 'pechka' connection lost!
2024-06-15T14:41:48.503Z [error] 'pechka' connection lost!
2024-06-15T14:41:48.505Z [error] 'pechka' connection lost!
2024-06-15T14:41:48.508Z [error] 'pechka' connection lost!
2024-06-15T14:41:48.510Z [error] 'pechka' connection lost!
2024-06-15T14:41:48.511Z [error] 'pechka' connection lost!
2024-06-15T14:41:48.513Z [error] 'pechka' connection lost!
2024-06-15T14:41:48.516Z [error] 'pechka' connection lost!
2024-06-15T14:41:48.523Z [error] 'pechka' connection lost!
2024-06-15T14:41:48.525Z [error] 'pechka' connection lost!
2024-06-15T14:41:48.527Z [error] 'pechka' connection lost!
2024-06-15T14:41:48.528Z [error] 'pechka' connection lost!
2024-06-15T14:41:48.531Z [error] 'pechka' createSession failure! Error: ClientTCP_transport36: socket has been disconnected by third party
2024-06-15T14:41:48.531Z [error] 'pechka' try to connect error! Error: ClientTCP_transport36: socket has been disconnected by third party
2024-06-15T14:41:48.558Z [error] 'pechka' connect error! undefined (0)
2024-06-15T14:41:53.470Z [error] 'pechka' connection lost!
2024-06-15T14:41:53.474Z [error] 'pechka' connection lost!
2024-06-15T14:41:53.476Z [error] 'pechka' connection lost!
2024-06-15T14:41:53.479Z [error] 'pechka' connection lost!
2024-06-15T14:41:53.481Z [error] 'pechka' connection lost!
2024-06-15T14:41:53.483Z [error] 'pechka' connection lost!
2024-06-15T14:41:53.485Z [error] 'pechka' connection lost!
2024-06-15T14:41:53.488Z [error] 'pechka' connection lost!
2024-06-15T14:41:53.492Z [error] 'pechka' connection lost!
2024-06-15T14:41:53.495Z [error] 'pechka' connection lost!
2024-06-15T14:41:53.497Z [error] 'pechka' connection lost!
2024-06-15T14:41:53.501Z [error] 'pechka' connection lost!
2024-06-15T14:41:53.504Z [error] 'pechka' connection lost!
2024-06-15T14:41:53.506Z [error] 'pechka' connection lost!
2024-06-15T14:41:53.509Z [error] 'pechka' connection lost!
2024-06-15T14:41:53.511Z [error] 'pechka' connection lost!
2024-06-15T14:41:53.515Z [error] 'pechka' connection lost!
2024-06-15T14:41:53.517Z [error] 'pechka' connection lost!
2024-06-15T14:41:53.519Z [error] 'pechka' connection lost!
2024-06-15T14:41:53.522Z [error] 'pechka' connection lost!
2024-06-15T14:41:53.523Z [error] 'pechka' connection lost!
2024-06-15T14:41:53.525Z [error] 'pechka' connection lost!
2024-06-15T14:41:53.527Z [error] 'pechka' connection lost!
2024-06-15T14:41:53.530Z [error] 'pechka' connection lost!
2024-06-15T14:41:53.533Z [error] 'pechka' connection lost!
2024-06-15T14:41:53.534Z [error] 'pechka' connection lost!
2024-06-15T14:41:53.537Z [error] 'pechka' connection lost!
2024-06-15T14:41:53.539Z [error] 'pechka' connection lost!
2024-06-15T14:41:53.541Z [error] 'pechka' createSession failure! Error: ClientTCP_transport37: socket has been disconnected by third party
2024-06-15T14:41:53.542Z [error] 'pechka' try to connect error! Error: ClientTCP_transport37: socket has been disconnected by third party
2024-06-15T14:41:53.565Z [error] 'pechka' connect error! undefined (1)
2024-06-15T14:41:58.475Z [error] 'pechka' connection lost!
2024-06-15T14:41:58.478Z [error] 'pechka' connection lost!
2024-06-15T14:41:58.483Z [error] 'pechka' connection lost!
2024-06-15T14:41:58.486Z [error] 'pechka' connection lost!
2024-06-15T14:41:58.489Z [error] 'pechka' connection lost!
2024-06-15T14:41:58.492Z [error] 'pechka' connection lost!
2024-06-15T14:41:58.495Z [error] 'pechka' connection lost!
2024-06-15T14:41:58.497Z [error] 'pechka' connection lost!
2024-06-15T14:41:58.500Z [error] 'pechka' connection lost!
2024-06-15T14:41:58.502Z [error] 'pechka' connection lost!
2024-06-15T14:41:58.504Z [error] 'pechka' connection lost!
2024-06-15T14:41:58.511Z [error] 'pechka' connection lost!
2024-06-15T14:41:58.513Z [error] 'pechka' connection lost!
2024-06-15T14:41:58.516Z [error] 'pechka' connection lost!
2024-06-15T14:41:58.518Z [error] 'pechka' connection lost!
2024-06-15T14:41:58.520Z [error] 'pechka' connection lost!
2024-06-15T14:41:58.522Z [error] 'pechka' connection lost!
2024-06-15T14:41:58.527Z [error] 'pechka' connection lost!
2024-06-15T14:41:58.529Z [error] 'pechka' connection lost!
2024-06-15T14:41:58.531Z [error] 'pechka' connection lost!
2024-06-15T14:41:58.532Z [error] 'pechka' connection lost!
2024-06-15T14:41:58.534Z [error] 'pechka' connection lost!
2024-06-15T14:41:58.536Z [error] 'pechka' connection lost!
2024-06-15T14:41:58.538Z [error] 'pechka' connection lost!
2024-06-15T14:41:58.540Z [error] 'pechka' connection lost!
2024-06-15T14:41:58.543Z [error] 'pechka' connection lost!
2024-06-15T14:41:58.545Z [error] 'pechka' connection lost!
2024-06-15T14:41:58.547Z [error] 'pechka' connection lost!
2024-06-15T14:41:58.548Z [error] 'pechka' connection lost!
2024-06-15T14:41:58.552Z [error] 'pechka' createSession failure! Error: ClientTCP_transport38: socket has been disconnected by third party
2024-06-15T14:41:58.553Z [error] 'pechka' try to connect error! Error: ClientTCP_transport38: socket has been disconnected by third party
2024-06-15T14:41:58.580Z [error] 'pechka' connect error! undefined (2)
2024-06-15T14:42:03.488Z [error] 'pechka' connection lost!
2024-06-15T14:42:03.491Z [error] 'pechka' connection lost!
2024-06-15T14:42:03.494Z [error] 'pechka' connection lost!
2024-06-15T14:42:03.497Z [error] 'pechka' connection lost!
2024-06-15T14:42:03.501Z [error] 'pechka' connection lost!
2024-06-15T14:42:03.508Z [error] 'pechka' connection lost!
2024-06-15T14:42:03.512Z [error] 'pechka' connection lost!
2024-06-15T14:42:03.516Z [error] 'pechka' connection lost!
2024-06-15T14:42:03.520Z [error] 'pechka' connection lost!
2024-06-15T14:42:03.523Z [error] 'pechka' connection lost!
2024-06-15T14:42:03.525Z [error] 'pechka' connection lost!
2024-06-15T14:42:03.528Z [error] 'pechka' connection lost!
2024-06-15T14:42:03.531Z [error] 'pechka' connection lost!
2024-06-15T14:42:03.534Z [error] 'pechka' connection lost!
2024-06-15T14:42:03.537Z [error] 'pechka' connection lost!
2024-06-15T14:42:03.539Z [error] 'pechka' connection lost!
2024-06-15T14:42:03.541Z [error] 'pechka' connection lost!
2024-06-15T14:42:03.542Z [error] 'pechka' connection lost!
2024-06-15T14:42:03.544Z [error] 'pechka' connection lost!
2024-06-15T14:42:03.546Z [error] 'pechka' connection lost!
2024-06-15T14:42:03.548Z [error] 'pechka' connection lost!
2024-06-15T14:42:03.549Z [error] 'pechka' connection lost!
2024-06-15T14:42:03.551Z [error] 'pechka' connection lost!
2024-06-15T14:42:03.554Z [error] 'pechka' connection lost!
2024-06-15T14:42:03.557Z [error] 'pechka' connection lost!
2024-06-15T14:42:03.558Z [error] 'pechka' connection lost!
2024-06-15T14:42:03.560Z [error] 'pechka' connection lost!
2024-06-15T14:42:03.561Z [error] 'pechka' connection lost!
2024-06-15T14:42:03.563Z [error] 'pechka' connection lost!
2024-06-15T14:42:03.564Z [error] 'pechka' connection lost!
2024-06-15T14:42:03.566Z [error] 'pechka' createSession failure! Error: ClientTCP_transport39: socket has been disconnected by third party
2024-06-15T14:42:03.567Z [error] 'pechka' try to connect error! Error: ClientTCP_transport39: socket has been disconnected by third party
2024-06-15T14:42:03.593Z [error] 'pechka' connect error! undefined (3)
2024-06-15T14:42:08.497Z [error] 'pechka' connection lost!
2024-06-15T14:42:08.500Z [error] 'pechka' connection lost!
2024-06-15T14:42:08.504Z [error] 'pechka' connection lost!
2024-06-15T14:42:08.507Z [error] 'pechka' connection lost!
2024-06-15T14:42:08.509Z [error] 'pechka' connection lost!
2024-06-15T14:42:08.511Z [error] 'pechka' connection lost!
2024-06-15T14:42:08.514Z [error] 'pechka' connection lost!
2024-06-15T14:42:08.517Z [error] 'pechka' connection lost!
2024-06-15T14:42:08.519Z [error] 'pechka' connection lost!
2024-06-15T14:42:08.522Z [error] 'pechka' connection lost!
2024-06-15T14:42:08.523Z [error] 'pechka' connection lost!
2024-06-15T14:42:08.526Z [error] 'pechka' connection lost!
2024-06-15T14:42:08.528Z [error] 'pechka' connection lost!
2024-06-15T14:42:08.530Z [error] 'pechka' connection lost!
2024-06-15T14:42:08.532Z [error] 'pechka' connection lost!
2024-06-15T14:42:08.534Z [error] 'pechka' connection lost!
2024-06-15T14:42:08.537Z [error] 'pechka' connection lost!
2024-06-15T14:42:08.541Z [error] 'pechka' connection lost!
2024-06-15T14:42:08.543Z [error] 'pechka' connection lost!
2024-06-15T14:42:08.545Z [error] 'pechka' connection lost!
2024-06-15T14:42:08.547Z [error] 'pechka' connection lost!
2024-06-15T14:42:08.549Z [error] 'pechka' connection lost!
2024-06-15T14:42:08.551Z [error] 'pechka' connection lost!
2024-06-15T14:42:08.553Z [error] 'pechka' connection lost!
2024-06-15T14:42:08.554Z [error] 'pechka' connection lost!
2024-06-15T14:42:08.555Z [error] 'pechka' connection lost!
2024-06-15T14:42:08.559Z [error] 'pechka' connection lost!
2024-06-15T14:42:08.561Z [error] 'pechka' connection lost!
2024-06-15T14:42:08.563Z [error] 'pechka' connection lost!
2024-06-15T14:42:08.565Z [error] 'pechka' connection lost!
2024-06-15T14:42:08.567Z [error] 'pechka' connection lost!
2024-06-15T14:42:08.570Z [error] 'pechka' createSession failure! Error: ClientTCP_transport40: socket has been disconnected by third party
2024-06-15T14:42:08.570Z [error] 'pechka' try to connect error! Error: ClientTCP_transport40: socket has been disconnected by third party
2024-06-15T14:42:08.596Z [error] 'pechka' connect error! undefined (4)
2024-06-15T14:42:13.497Z [error] 'pechka' connection lost!
2024-06-15T14:42:13.500Z [error] 'pechka' connection lost!
2024-06-15T14:42:13.503Z [error] 'pechka' connection lost!
2024-06-15T14:42:13.506Z [error] 'pechka' connection lost!
2024-06-15T14:42:13.509Z [error] 'pechka' connection lost!
2024-06-15T14:42:13.512Z [error] 'pechka' connection lost!
2024-06-15T14:42:13.515Z [error] 'pechka' connection lost!
2024-06-15T14:42:13.517Z [error] 'pechka' connection lost!
2024-06-15T14:42:13.518Z [error] 'pechka' connection lost!
2024-06-15T14:42:13.520Z [error] 'pechka' connection lost!
2024-06-15T14:42:13.522Z [error] 'pechka' connection lost!
2024-06-15T14:42:13.524Z [error] 'pechka' connection lost!
2024-06-15T14:42:13.527Z [error] 'pechka' connection lost!
2024-06-15T14:42:13.529Z [error] 'pechka' connection lost!
2024-06-15T14:42:13.531Z [error] 'pechka' connection lost!
2024-06-15T14:42:13.532Z [error] 'pechka' connection lost!
2024-06-15T14:42:13.533Z [error] 'pechka' connection lost!
2024-06-15T14:42:13.535Z [error] 'pechka' connection lost!
2024-06-15T14:42:13.538Z [error] 'pechka' connection lost!
2024-06-15T14:42:13.539Z [error] 'pechka' connection lost!
2024-06-15T14:42:13.541Z [error] 'pechka' connection lost!
2024-06-15T14:42:13.543Z [error] 'pechka' connection lost!
2024-06-15T14:42:13.545Z [error] 'pechka' connection lost!
2024-06-15T14:42:13.547Z [error] 'pechka' connection lost!
2024-06-15T14:42:13.549Z [error] 'pechka' connection lost!
2024-06-15T14:42:13.550Z [error] 'pechka' connection lost!
2024-06-15T14:42:13.552Z [error] 'pechka' connection lost!
2024-06-15T14:42:13.553Z [error] 'pechka' connection lost!
2024-06-15T14:42:13.557Z [error] 'pechka' connection lost!
2024-06-15T14:42:13.560Z [error] 'pechka' connection lost!
2024-06-15T14:42:13.562Z [error] 'pechka' connection lost!
2024-06-15T14:42:13.563Z [error] 'pechka' connection lost!
2024-06-15T14:42:13.565Z [error] 'pechka' createSession failure! Error: ClientTCP_transport41: socket has been disconnected by third party
2024-06-15T14:42:13.566Z [error] 'pechka' try to connect error! Error: ClientTCP_transport41: socket has been disconnected by third party
2024-06-15T14:42:13.584Z [error] 'pechka' connect error! undefined (0)
2024-06-15T14:42:18.481Z [error] 'pechka' connection lost!
2024-06-15T14:42:18.484Z [error] 'pechka' connection lost!
2024-06-15T14:42:18.485Z [error] 'pechka' connection lost!
2024-06-15T14:42:18.487Z [error] 'pechka' connection lost!
2024-06-15T14:42:18.489Z [error] 'pechka' connection lost!
2024-06-15T14:42:18.491Z [error] 'pechka' connection lost!
2024-06-15T14:42:18.493Z [error] 'pechka' connection lost!
2024-06-15T14:42:18.494Z [error] 'pechka' connection lost!
2024-06-15T14:42:18.496Z [error] 'pechka' connection lost!
2024-06-15T14:42:18.497Z [error] 'pechka' connection lost!
2024-06-15T14:42:18.499Z [error] 'pechka' connection lost!
2024-06-15T14:42:18.501Z [error] 'pechka' connection lost!
2024-06-15T14:42:18.503Z [error] 'pechka' connection lost!
2024-06-15T14:42:18.505Z [error] 'pechka' connection lost!
2024-06-15T14:42:18.506Z [error] 'pechka' connection lost!
2024-06-15T14:42:18.508Z [error] 'pechka' connection lost!
2024-06-15T14:42:18.510Z [error] 'pechka' connection lost!
2024-06-15T14:42:18.512Z [error] 'pechka' connection lost!
2024-06-15T14:42:18.514Z [error] 'pechka' connection lost!
2024-06-15T14:42:18.515Z [error] 'pechka' connection lost!
2024-06-15T14:42:18.516Z [error] 'pechka' connection lost!
2024-06-15T14:42:18.518Z [error] 'pechka' connection lost!
2024-06-15T14:42:18.520Z [error] 'pechka' connection lost!
2024-06-15T14:42:18.521Z [error] 'pechka' connection lost!
2024-06-15T14:42:18.523Z [error] 'pechka' connection lost!
2024-06-15T14:42:18.525Z [error] 'pechka' connection lost!
2024-06-15T14:42:18.526Z [error] 'pechka' connection lost!
2024-06-15T14:42:18.527Z [error] 'pechka' connection lost!
2024-06-15T14:42:18.529Z [error] 'pechka' connection lost!
2024-06-15T14:42:18.530Z [error] 'pechka' connection lost!
2024-06-15T14:42:18.531Z [error] 'pechka' connection lost!
2024-06-15T14:42:18.532Z [error] 'pechka' connection lost!
2024-06-15T14:42:18.536Z [error] 'pechka' connection lost!
2024-06-15T14:42:18.539Z [error] 'pechka' createSession failure! Error: ClientTCP_transport42: socket has been disconnected by third party
2024-06-15T14:42:18.540Z [error] 'pechka' try to connect error! Error: ClientTCP_transport42: socket has been disconnected by third party
2024-06-15T14:42:18.556Z [error] 'pechka' connect error! undefined (1)
2024-06-15T14:42:23.487Z [error] 'pechka' connection lost!
2024-06-15T14:42:23.489Z [error] 'pechka' connection lost!
2024-06-15T14:42:23.491Z [error] 'pechka' connection lost!
2024-06-15T14:42:23.492Z [error] 'pechka' connection lost!
2024-06-15T14:42:23.494Z [error] 'pechka' connection lost!
2024-06-15T14:42:23.496Z [error] 'pechka' connection lost!
2024-06-15T14:42:23.498Z [error] 'pechka' connection lost!
2024-06-15T14:42:23.500Z [error] 'pechka' connection lost!
2024-06-15T14:42:23.501Z [error] 'pechka' connection lost!
2024-06-15T14:42:23.503Z [error] 'pechka' connection lost!
2024-06-15T14:42:23.504Z [error] 'pechka' connection lost!
2024-06-15T14:42:23.505Z [error] 'pechka' connection lost!
2024-06-15T14:42:23.507Z [error] 'pechka' connection lost!
2024-06-15T14:42:23.508Z [error] 'pechka' connection lost!
2024-06-15T14:42:23.509Z [error] 'pechka' connection lost!
2024-06-15T14:42:23.510Z [error] 'pechka' connection lost!
2024-06-15T14:42:23.511Z [error] 'pechka' connection lost!
2024-06-15T14:42:23.512Z [error] 'pechka' connection lost!
2024-06-15T14:42:23.513Z [error] 'pechka' connection lost!
2024-06-15T14:42:23.514Z [error] 'pechka' connection lost!
2024-06-15T14:42:23.515Z [error] 'pechka' connection lost!
2024-06-15T14:42:23.517Z [error] 'pechka' connection lost!
2024-06-15T14:42:23.519Z [error] 'pechka' connection lost!
2024-06-15T14:42:23.520Z [error] 'pechka' connection lost!
2024-06-15T14:42:23.521Z [error] 'pechka' connection lost!
2024-06-15T14:42:23.522Z [error] 'pechka' connection lost!
2024-06-15T14:42:23.524Z [error] 'pechka' connection lost!
2024-06-15T14:42:23.525Z [error] 'pechka' connection lost!
2024-06-15T14:42:23.526Z [error] 'pechka' connection lost!
2024-06-15T14:42:23.527Z [error] 'pechka' connection lost!
2024-06-15T14:42:23.528Z [error] 'pechka' connection lost!
2024-06-15T14:42:23.529Z [error] 'pechka' connection lost!
2024-06-15T14:42:23.530Z [error] 'pechka' connection lost!
2024-06-15T14:42:23.532Z [error] 'pechka' connection lost!
2024-06-15T14:42:23.535Z [error] 'pechka' createSession failure! Error: ClientTCP_transport43: socket has been disconnected by third party
2024-06-15T14:42:23.535Z [error] 'pechka' try to connect error! Error: ClientTCP_transport43: socket has been disconnected by third party
2024-06-15T14:42:23.549Z [error] 'pechka' connect error! undefined (2)
2024-06-15T14:42:28.514Z [error] 'pechka' connection lost!
2024-06-15T14:42:28.517Z [error] 'pechka' connection lost!
2024-06-15T14:42:28.518Z [error] 'pechka' connection lost!
2024-06-15T14:42:28.520Z [error] 'pechka' connection lost!
2024-06-15T14:42:28.522Z [error] 'pechka' connection lost!
2024-06-15T14:42:28.523Z [error] 'pechka' connection lost!
2024-06-15T14:42:28.525Z [error] 'pechka' connection lost!
2024-06-15T14:42:28.527Z [error] 'pechka' connection lost!
2024-06-15T14:42:28.529Z [error] 'pechka' connection lost!
2024-06-15T14:42:28.532Z [error] 'pechka' connection lost!
2024-06-15T14:42:28.535Z [error] 'pechka' connection lost!
2024-06-15T14:42:28.538Z [error] 'pechka' connection lost!
2024-06-15T14:42:28.541Z [error] 'pechka' connection lost!
2024-06-15T14:42:28.565Z [error] 'pechka' connection lost!
2024-06-15T14:42:28.569Z [error] 'pechka' connection lost!
2024-06-15T14:42:28.572Z [error] 'pechka' connection lost!
2024-06-15T14:42:28.580Z [error] 'pechka' connection lost!
2024-06-15T14:42:28.584Z [error] 'pechka' connection lost!
2024-06-15T14:42:28.585Z [error] 'pechka' connection lost!
2024-06-15T14:42:28.587Z [error] 'pechka' connection lost!
2024-06-15T14:42:28.589Z [error] 'pechka' connection lost!
2024-06-15T14:42:28.590Z [error] 'pechka' connection lost!
2024-06-15T14:42:28.592Z [error] 'pechka' connection lost!
2024-06-15T14:42:28.597Z [error] 'pechka' connection lost!
2024-06-15T14:42:28.600Z [error] 'pechka' connection lost!
2024-06-15T14:42:28.601Z [error] 'pechka' connection lost!
2024-06-15T14:42:28.603Z [error] 'pechka' connection lost!
2024-06-15T14:42:28.604Z [error] 'pechka' connection lost!
2024-06-15T14:42:28.606Z [error] 'pechka' connection lost!
2024-06-15T14:42:28.614Z [error] 'pechka' connection lost!
2024-06-15T14:42:28.615Z [error] 'pechka' connection lost!
2024-06-15T14:42:28.617Z [error] 'pechka' connection lost!
2024-06-15T14:42:28.619Z [error] 'pechka' connection lost!
2024-06-15T14:42:28.621Z [error] 'pechka' connection lost!
2024-06-15T14:42:28.622Z [error] 'pechka' connection lost!
2024-06-15T14:42:28.625Z [error] 'pechka' createSession failure! Error: ClientTCP_transport44: socket has been disconnected by third party
2024-06-15T14:42:28.626Z [error] 'pechka' try to connect error! Error: ClientTCP_transport44: socket has been disconnected by third party
2024-06-15T14:42:28.657Z [error] 'pechka' connect error! undefined (3)
2024-06-15T14:42:34.196Z [error] 'pechka' connection lost!
2024-06-15T14:42:34.199Z [error] 'pechka' connection lost!
2024-06-15T14:42:34.201Z [error] 'pechka' connection lost!
2024-06-15T14:42:34.204Z [error] 'pechka' connection lost!
2024-06-15T14:42:34.207Z [error] 'pechka' connection lost!
2024-06-15T14:42:34.213Z [error] 'pechka' connection lost!
2024-06-15T14:42:34.215Z [error] 'pechka' connection lost!
2024-06-15T14:42:34.217Z [error] 'pechka' connection lost!
2024-06-15T14:42:34.219Z [error] 'pechka' connection lost!
2024-06-15T14:42:34.221Z [error] 'pechka' connection lost!
2024-06-15T14:42:34.231Z [error] 'pechka' connection lost!
2024-06-15T14:42:34.235Z [error] 'pechka' connection lost!
2024-06-15T14:42:34.243Z [error] 'pechka' connection lost!
2024-06-15T14:42:34.247Z [error] 'pechka' connection lost!
2024-06-15T14:42:34.249Z [error] 'pechka' connection lost!
2024-06-15T14:42:34.251Z [error] 'pechka' connection lost!
2024-06-15T14:42:34.254Z [error] 'pechka' connection lost!
2024-06-15T14:42:34.263Z [error] 'pechka' connection lost!
2024-06-15T14:42:34.267Z [error] 'pechka' connection lost!
2024-06-15T14:42:34.275Z [error] 'pechka' connection lost!
2024-06-15T14:42:34.280Z [error] 'pechka' connection lost!
2024-06-15T14:42:34.283Z [error] 'pechka' connection lost!
2024-06-15T14:42:34.285Z [error] 'pechka' connection lost!
2024-06-15T14:42:34.289Z [error] 'pechka' connection lost!
2024-06-15T14:42:34.292Z [error] 'pechka' connection lost!
2024-06-15T14:42:34.296Z [error] 'pechka' connection lost!
2024-06-15T14:42:34.298Z [error] 'pechka' connection lost!
2024-06-15T14:42:34.300Z [error] 'pechka' connection lost!
2024-06-15T14:42:34.304Z [error] 'pechka' connection lost!
2024-06-15T14:42:34.310Z [error] 'pechka' connection lost!
2024-06-15T14:42:34.313Z [error] 'pechka' connection lost!
2024-06-15T14:42:34.316Z [error] 'pechka' connection lost!
2024-06-15T14:42:34.318Z [error] 'pechka' connection lost!
2024-06-15T14:42:34.321Z [error] 'pechka' connection lost!
2024-06-15T14:42:34.324Z [error] 'pechka' connection lost!
2024-06-15T14:42:34.329Z [error] 'pechka' connection lost!
2024-06-15T14:42:34.334Z [error] 'pechka' createSession failure! Error: ClientTCP_transport45: socket has been disconnected by third party
2024-06-15T14:42:34.336Z [error] 'pechka' try to connect error! Error: ClientTCP_transport45: socket has been disconnected by third party
2024-06-15T14:42:34.381Z [error] 'pechka' connect error! undefined (4)
2024-06-15T14:42:38.516Z [error] 'pechka' connection lost!
2024-06-15T14:42:38.520Z [error] 'pechka' connection lost!
2024-06-15T14:42:38.522Z [error] 'pechka' connection lost!
2024-06-15T14:42:38.523Z [error] 'pechka' connection lost!
2024-06-15T14:42:38.524Z [error] 'pechka' connection lost!
2024-06-15T14:42:38.526Z [error] 'pechka' connection lost!
2024-06-15T14:42:38.527Z [error] 'pechka' connection lost!
2024-06-15T14:42:38.529Z [error] 'pechka' connection lost!
2024-06-15T14:42:38.530Z [error] 'pechka' connection lost!
2024-06-15T14:42:38.531Z [error] 'pechka' connection lost!
2024-06-15T14:42:38.532Z [error] 'pechka' connection lost!
2024-06-15T14:42:38.534Z [error] 'pechka' connection lost!
2024-06-15T14:42:38.536Z [error] 'pechka' connection lost!
2024-06-15T14:42:38.538Z [error] 'pechka' connection lost!
2024-06-15T14:42:38.540Z [error] 'pechka' connection lost!
2024-06-15T14:42:38.541Z [error] 'pechka' connection lost!
2024-06-15T14:42:38.542Z [error] 'pechka' connection lost!
2024-06-15T14:42:38.543Z [error] 'pechka' connection lost!
2024-06-15T14:42:38.544Z [error] 'pechka' connection lost!
2024-06-15T14:42:38.545Z [error] 'pechka' connection lost!
2024-06-15T14:42:38.547Z [error] 'pechka' connection lost!
2024-06-15T14:42:38.548Z [error] 'pechka' connection lost!
2024-06-15T14:42:38.549Z [error] 'pechka' connection lost!
2024-06-15T14:42:38.551Z [error] 'pechka' connection lost!
2024-06-15T14:42:38.553Z [error] 'pechka' connection lost!
2024-06-15T14:42:38.555Z [error] 'pechka' connection lost!
2024-06-15T14:42:38.556Z [error] 'pechka' connection lost!
2024-06-15T14:42:38.557Z [error] 'pechka' connection lost!
2024-06-15T14:42:38.558Z [error] 'pechka' connection lost!
2024-06-15T14:42:38.559Z [error] 'pechka' connection lost!
2024-06-15T14:42:38.561Z [error] 'pechka' connection lost!
2024-06-15T14:42:38.563Z [error] 'pechka' connection lost!
2024-06-15T14:42:38.564Z [error] 'pechka' connection lost!
2024-06-15T14:42:38.565Z [error] 'pechka' connection lost!
2024-06-15T14:42:38.566Z [error] 'pechka' connection lost!
2024-06-15T14:42:38.568Z [error] 'pechka' connection lost!
2024-06-15T14:42:38.570Z [error] 'pechka' connection lost!
2024-06-15T14:42:38.572Z [error] 'pechka' createSession failure! Error: ClientTCP_transport46: socket has been disconnected by third party
2024-06-15T14:42:38.573Z [error] 'pechka' try to connect error! Error: ClientTCP_transport46: socket has been disconnected by third party
2024-06-15T14:42:38.594Z [error] 'pechka' connect error! undefined (0)
2024-06-15T14:42:43.523Z [error] 'pechka' connection lost!
2024-06-15T14:42:43.525Z [error] 'pechka' connection lost!
2024-06-15T14:42:43.526Z [error] 'pechka' connection lost!
2024-06-15T14:42:43.528Z [error] 'pechka' connection lost!
2024-06-15T14:42:43.529Z [error] 'pechka' connection lost!
2024-06-15T14:42:43.530Z [error] 'pechka' connection lost!
2024-06-15T14:42:43.532Z [error] 'pechka' connection lost!
2024-06-15T14:42:43.534Z [error] 'pechka' connection lost!
2024-06-15T14:42:43.535Z [error] 'pechka' connection lost!
2024-06-15T14:42:43.537Z [error] 'pechka' connection lost!
2024-06-15T14:42:43.538Z [error] 'pechka' connection lost!
2024-06-15T14:42:43.540Z [error] 'pechka' connection lost!
2024-06-15T14:42:43.541Z [error] 'pechka' connection lost!
2024-06-15T14:42:43.543Z [error] 'pechka' connection lost!
2024-06-15T14:42:43.545Z [error] 'pechka' connection lost!
2024-06-15T14:42:43.546Z [error] 'pechka' connection lost!
2024-06-15T14:42:43.548Z [error] 'pechka' connection lost!
2024-06-15T14:42:43.550Z [error] 'pechka' connection lost!
2024-06-15T14:42:43.551Z [error] 'pechka' connection lost!
2024-06-15T14:42:43.553Z [error] 'pechka' connection lost!
2024-06-15T14:42:43.554Z [error] 'pechka' connection lost!
2024-06-15T14:42:43.556Z [error] 'pechka' connection lost!
2024-06-15T14:42:43.557Z [error] 'pechka' connection lost!
2024-06-15T14:42:43.558Z [error] 'pechka' connection lost!
2024-06-15T14:42:43.559Z [error] 'pechka' connection lost!
2024-06-15T14:42:43.560Z [error] 'pechka' connection lost!
2024-06-15T14:42:43.562Z [error] 'pechka' connection lost!
2024-06-15T14:42:43.564Z [error] 'pechka' connection lost!
2024-06-15T14:42:43.566Z [error] 'pechka' connection lost!
2024-06-15T14:42:43.569Z [error] 'pechka' connection lost!
2024-06-15T14:42:43.571Z [error] 'pechka' connection lost!
2024-06-15T14:42:43.573Z [error] 'pechka' connection lost!
2024-06-15T14:42:43.575Z [error] 'pechka' connection lost!
2024-06-15T14:42:43.578Z [error] 'pechka' connection lost!
2024-06-15T14:42:43.580Z [error] 'pechka' connection lost!
2024-06-15T14:42:43.583Z [error] 'pechka' connection lost!
2024-06-15T14:42:43.594Z [error] 'pechka' connection lost!
2024-06-15T14:42:43.598Z [error] 'pechka' connection lost!
2024-06-15T14:42:43.601Z [error] 'pechka' createSession failure! Error: ClientTCP_transport47: socket has been disconnected by third party
2024-06-15T14:42:43.603Z [error] 'pechka' try to connect error! Error: ClientTCP_transport47: socket has been disconnected by third party
2024-06-15T14:42:43.643Z [error] 'pechka' connect error! undefined (1)
2024-06-15T14:42:48.531Z [error] 'pechka' connection lost!
2024-06-15T14:42:48.533Z [error] 'pechka' connection lost!
2024-06-15T14:42:48.535Z [error] 'pechka' connection lost!
2024-06-15T14:42:48.536Z [error] 'pechka' connection lost!
2024-06-15T14:42:48.537Z [error] 'pechka' connection lost!
2024-06-15T14:42:48.539Z [error] 'pechka' connection lost!
2024-06-15T14:42:48.540Z [error] 'pechka' connection lost!
2024-06-15T14:42:48.541Z [error] 'pechka' connection lost!
2024-06-15T14:42:48.543Z [error] 'pechka' connection lost!
2024-06-15T14:42:48.545Z [error] 'pechka' connection lost!
2024-06-15T14:42:48.546Z [error] 'pechka' connection lost!
2024-06-15T14:42:48.548Z [error] 'pechka' connection lost!
2024-06-15T14:42:48.549Z [error] 'pechka' connection lost!
2024-06-15T14:42:48.550Z [error] 'pechka' connection lost!
2024-06-15T14:42:48.552Z [error] 'pechka' connection lost!
2024-06-15T14:42:48.553Z [error] 'pechka' connection lost!
2024-06-15T14:42:48.554Z [error] 'pechka' connection lost!
2024-06-15T14:42:48.556Z [error] 'pechka' connection lost!
2024-06-15T14:42:48.557Z [error] 'pechka' connection lost!
2024-06-15T14:42:48.558Z [error] 'pechka' connection lost!
2024-06-15T14:42:48.560Z [error] 'pechka' connection lost!
2024-06-15T14:42:48.561Z [error] 'pechka' connection lost!
2024-06-15T14:42:48.563Z [error] 'pechka' connection lost!
2024-06-15T14:42:48.565Z [error] 'pechka' connection lost!
2024-06-15T14:42:48.566Z [error] 'pechka' connection lost!
2024-06-15T14:42:48.568Z [error] 'pechka' connection lost!
2024-06-15T14:42:48.568Z [error] 'pechka' connection lost!
2024-06-15T14:42:48.570Z [error] 'pechka' connection lost!
2024-06-15T14:42:48.571Z [error] 'pechka' connection lost!
2024-06-15T14:42:48.573Z [error] 'pechka' connection lost!
2024-06-15T14:42:48.575Z [error] 'pechka' connection lost!
2024-06-15T14:42:48.577Z [error] 'pechka' connection lost!
2024-06-15T14:42:48.579Z [error] 'pechka' connection lost!
2024-06-15T14:42:48.580Z [error] 'pechka' connection lost!
2024-06-15T14:42:48.582Z [error] 'pechka' connection lost!
2024-06-15T14:42:48.582Z [error] 'pechka' connection lost!
2024-06-15T14:42:48.583Z [error] 'pechka' connection lost!
2024-06-15T14:42:48.584Z [error] 'pechka' connection lost!
2024-06-15T14:42:48.586Z [error] 'pechka' connection lost!
2024-06-15T14:42:48.588Z [error] 'pechka' createSession failure! Error: ClientTCP_transport48: socket has been disconnected by third party
2024-06-15T14:42:48.589Z [error] 'pechka' try to connect error! Error: ClientTCP_transport48: socket has been disconnected by third party
2024-06-15T14:42:48.613Z [error] 'pechka' connect error! undefined (2)
